<?xml version="1.0" encoding="UTF-8"?>
<!-- Generated by org.testng.reporters.JUnitXMLReporter -->
<testsuite ignored="4" hostname="DESKTOP-BR0LSTG" failures="1" tests="9" name="Automation Practice" time="49.968" errors="0" timestamp="2020-10-19T12:57:57 CDT">
  <testcase classname="com.TestCases.AddItemTocart" name="addingItemTocartThroughQuickView" time="5.374"/>
  <testcase classname="com.TestCases.AddItemTocart" name="addingItemTocartThroughCartButton" time="3.278"/>
  <testcase classname="com.TestCases.SummaryCartPage" name="VerifyEmptyCartMessage" time="1.133">
    <skipped/>
  </testcase> <!-- VerifyEmptyCartMessage -->
  <testcase classname="com.TestCases.SummaryCartPage" name="VerifyEmptyCartMessage" time="1.264">
    <skipped/>
  </testcase> <!-- VerifyEmptyCartMessage -->
  <testcase classname="com.TestCases.SummaryCartPage" name="VerifyEmptyCartMessage" time="0.8">
    <failure type="java.lang.AssertionError" message="expected [true] but found [false]">
      <![CDATA[java.lang.AssertionError: expected [true] but found [false]
at com.TestCases.SummaryCartPage.VerifyEmptyCartMessage(SummaryCartPage.java:26)
at java.base/java.util.ArrayList.forEach(ArrayList.java:1511)
... Removed 31 stack frames]]>
    </failure>
  </testcase> <!-- VerifyEmptyCartMessage -->
  <testcase classname="com.TestCases.SummaryCartPage" name="deleteItemFromCart" time="15.438"/>
  <testcase classname="com.TestCases.SignIn" name="verifyClickingCreateAccountwithblankEmailid" time="1.26"/>
  <testcase classname="com.TestCases.SignIn" name="verifyAccountAlreadyExist" time="1.923"/>
  <testcase classname="com.TestCases.SignIn" name="CreateAccountForNewUser" time="4.927"/>
  <testcase classname="com.Reusable.Reusable" name="@AfterTest closeApp" time="0.0">
    <ignored/>
  </testcase> <!-- @AfterTest closeApp -->
  <testcase classname="com.Reusable.Reusable" name="@AfterTest closeApp" time="0.0">
    <ignored/>
  </testcase> <!-- @AfterTest closeApp -->
  <testcase classname="com.Reusable.Reusable" name="@BeforeTest launchBrowser" time="0.0">
    <ignored/>
  </testcase> <!-- @BeforeTest launchBrowser -->
  <testcase classname="com.Reusable.Reusable" name="@BeforeTest launchBrowser" time="0.0">
    <ignored/>
  </testcase> <!-- @BeforeTest launchBrowser -->
</testsuite> <!-- Automation Practice -->
