<?xml version="1.0" encoding="UTF-8"?>
<!-- Generated by org.testng.reporters.JUnitXMLReporter -->
<testsuite ignored="4" hostname="DESKTOP-BR0LSTG" failures="1" tests="9" name="Test" time="44.361" errors="0" timestamp="2020-10-16T10:44:12 CDT">
  <testcase classname="com.TestCases.AddItemTocart" name="addingItemTocartThroughQuickView" time="4.931"/>
  <testcase classname="com.TestCases.AddItemTocart" name="addingItemTocartThroughCartButton" time="3.472"/>
  <testcase classname="com.TestCases.SummaryCartPage" name="VerifyEmptyCartMessage" time="0.89">
    <skipped/>
  </testcase> <!-- VerifyEmptyCartMessage -->
  <testcase classname="com.TestCases.SummaryCartPage" name="VerifyEmptyCartMessage" time="1.069">
    <skipped/>
  </testcase> <!-- VerifyEmptyCartMessage -->
  <testcase classname="com.TestCases.SummaryCartPage" name="VerifyEmptyCartMessage" time="0.82">
    <failure type="java.lang.AssertionError" message="expected [Your shopping cart is empty.] but found []">
      <![CDATA[java.lang.AssertionError: expected [Your shopping cart is empty.] but found []
at com.TestCases.SummaryCartPage.VerifyEmptyCartMessage(SummaryCartPage.java:31)
at java.base/java.util.ArrayList.forEach(ArrayList.java:1511)
... Removed 33 stack frames]]>
    </failure>
  </testcase> <!-- VerifyEmptyCartMessage -->
  <testcase classname="com.TestCases.SummaryCartPage" name="deleteItemFromCart" time="12.94"/>
  <testcase classname="com.TestCases.SignIn" name="verifyClickingCreateAccountwithblankEmailid" time="1.012"/>
  <testcase classname="com.TestCases.SignIn" name="verifyAccountAlreadyExist" time="1.54"/>
  <testcase classname="com.TestCases.SignIn" name="CreateAccountForNewUser" time="6.158"/>
  <testcase classname="com.Reusable.Reusable" name="@AfterTest closeBrowser" time="0.0">
    <ignored/>
  </testcase> <!-- @AfterTest closeBrowser -->
  <testcase classname="com.Reusable.Reusable" name="@AfterTest closeBrowser" time="0.0">
    <ignored/>
  </testcase> <!-- @AfterTest closeBrowser -->
  <testcase classname="com.Reusable.Reusable" name="@BeforeTest launchBrowser" time="0.0">
    <ignored/>
  </testcase> <!-- @BeforeTest launchBrowser -->
  <testcase classname="com.Reusable.Reusable" name="@BeforeTest launchBrowser" time="0.0">
    <ignored/>
  </testcase> <!-- @BeforeTest launchBrowser -->
</testsuite> <!-- Test -->
