<?xml version="1.0" encoding="UTF-8"?>
<!-- Generated by org.testng.reporters.JUnitReportReporter -->
<testsuite hostname="DESKTOP-BR0LSTG" failures="1" tests="4" name="com.TestCases.SummaryCartPage" time="18.635" errors="0" timestamp="2020-10-19T12:57:58 CDT" skipped="2">
  <testcase classname="com.TestCases.SummaryCartPage" name="VerifyEmptyCartMessage" time="1.264">
    <skipped/>
  </testcase> <!-- VerifyEmptyCartMessage -->
  <system-out/>
  <testcase classname="com.TestCases.SummaryCartPage" name="VerifyEmptyCartMessage" time="1.133">
    <skipped/>
  </testcase> <!-- VerifyEmptyCartMessage -->
  <system-out/>
  <testcase classname="com.TestCases.SummaryCartPage" name="VerifyEmptyCartMessage" time="0.800">
    <failure message="expected [true] but found [false]" type="java.lang.AssertionError">
      <![CDATA[java.lang.AssertionError: expected [true] but found [false]
at org.testng.Assert.fail(Assert.java:99)
at org.testng.Assert.failNotEquals(Assert.java:1037)
at org.testng.Assert.assertTrue(Assert.java:45)
at org.testng.Assert.assertTrue(Assert.java:55)
at com.TestCases.SummaryCartPage.VerifyEmptyCartMessage(SummaryCartPage.java:26)
at java.base/jdk.internal.reflect.NativeMethodAccessorImpl.invoke0(Native Method)
at java.base/jdk.internal.reflect.NativeMethodAccessorImpl.invoke(NativeMethodAccessorImpl.java:62)
at java.base/jdk.internal.reflect.DelegatingMethodAccessorImpl.invoke(DelegatingMethodAccessorImpl.java:43)
at java.base/java.lang.reflect.Method.invoke(Method.java:564)
at org.testng.internal.MethodInvocationHelper.invokeMethod(MethodInvocationHelper.java:132)
at org.testng.internal.TestInvoker.invokeMethod(TestInvoker.java:599)
at org.testng.internal.TestInvoker.retryFailed(TestInvoker.java:214)
at org.testng.internal.MethodRunner.runInSequence(MethodRunner.java:58)
at org.testng.internal.TestInvoker$MethodInvocationAgent.invoke(TestInvoker.java:822)
at org.testng.internal.TestInvoker.invokeTestMethods(TestInvoker.java:147)
at org.testng.internal.TestMethodWorker.invokeTestMethods(TestMethodWorker.java:146)
at org.testng.internal.TestMethodWorker.run(TestMethodWorker.java:128)
at java.base/java.util.ArrayList.forEach(ArrayList.java:1511)
at org.testng.TestRunner.privateRun(TestRunner.java:764)
at org.testng.TestRunner.run(TestRunner.java:585)
at org.testng.SuiteRunner.runTest(SuiteRunner.java:384)
at org.testng.SuiteRunner.runSequentially(SuiteRunner.java:378)
at org.testng.SuiteRunner.privateRun(SuiteRunner.java:337)
at org.testng.SuiteRunner.run(SuiteRunner.java:286)
at org.testng.SuiteRunnerWorker.runSuite(SuiteRunnerWorker.java:53)
at org.testng.SuiteRunnerWorker.run(SuiteRunnerWorker.java:96)
at org.testng.TestNG.runSuitesSequentially(TestNG.java:1218)
at org.testng.TestNG.runSuitesLocally(TestNG.java:1140)
at org.testng.TestNG.runSuites(TestNG.java:1069)
at org.testng.TestNG.run(TestNG.java:1037)
at org.testng.remote.AbstractRemoteTestNG.run(AbstractRemoteTestNG.java:115)
at org.testng.remote.RemoteTestNG.initAndRun(RemoteTestNG.java:251)
at org.testng.remote.RemoteTestNG.main(RemoteTestNG.java:77)
]]>
    </failure>
  </testcase> <!-- VerifyEmptyCartMessage -->
  <system-out>
<a href='C:\Users\neetu\git\neetu\ProjectWithTestNG\target\surefire-reports\failure_screenhots\VerifyEmptyCartMessage_19_10_20_12_57_30.png'><img src='C:\Users\neetu\git\neetu\ProjectWithTestNG\target\surefire-reports\failure_screenhots\VerifyEmptyCartMessage_19_10_20_12_57_30.png ' height='100' width='100'/> <a/>  </system-out>
  <testcase classname="com.TestCases.SummaryCartPage" name="deleteItemFromCart" time="15.438"/>
  <system-out/>
</testsuite> <!-- com.TestCases.SummaryCartPage -->
